[18-Apr-2025 10:11:39 UTC] PHP Warning:  Undefined array key "editor_post_id" in /Users/echois/Local Sites/lcbc-equip/app/public/wp-content/themes/lcbc-equip/app/public/wp-content/plugins/elementor/modules/history/revisions-manager.php on line 363
[18-Apr-2025 11:16:18 UTC] PHP Warning:  filesize(): stat failed for 025905cd015671d0a830.bundle.min.js in /Users/echois/Local Sites/lcbc-equip/app/public/wp-content/themes/lcbc-equip/app/public/wp-content/plugins/simply-static/src/integrations/class-elementor-integration.php on line 199
[18-Apr-2025 11:16:18 UTC] PHP Warning:  filesize(): stat failed for 0f7962315cd2e100f80e.bundle.min.js in /Users/echois/Local Sites/lcbc-equip/app/public/wp-content/themes/lcbc-equip/app/public/wp-content/plugins/simply-static/src/integrations/class-elementor-integration.php on line 199
[18-Apr-2025 11:16:18 UTC] PHP Warning:  filesize(): stat failed for 2e387c4154cbf63565b2.bundle.min.js in /Users/echois/Local Sites/lcbc-equip/app/public/wp-content/themes/lcbc-equip/app/public/wp-content/plugins/simply-static/src/integrations/class-elementor-integration.php on line 199
[18-Apr-2025 11:16:18 UTC] PHP Warning:  filesize(): stat failed for 3ac06e8b9c2e8f04c57d.bundle.min.js in /Users/echois/Local Sites/lcbc-equip/app/public/wp-content/themes/lcbc-equip/app/public/wp-content/plugins/simply-static/src/integrations/class-elementor-integration.php on line 199
[18-Apr-2025 11:16:18 UTC] PHP Warning:  filesize(): stat failed for 4573680c5d8b9b2d9f17.bundle.min.js in /Users/echois/Local Sites/lcbc-equip/app/public/wp-content/themes/lcbc-equip/app/public/wp-content/plugins/simply-static/src/integrations/class-elementor-integration.php on line 199
[18-Apr-2025 11:16:18 UTC] PHP Warning:  filesize(): stat failed for 5b6ef966b71e5cf670d8.bundle.min.js in /Users/echois/Local Sites/lcbc-equip/app/public/wp-content/themes/lcbc-equip/app/public/wp-content/plugins/simply-static/src/integrations/class-elementor-integration.php on line 199
[18-Apr-2025 11:16:18 UTC] PHP Warning:  filesize(): stat failed for accordion.36aa4c8c4eba17bc8e03.bundle.min.js in /Users/echois/Local Sites/lcbc-equip/app/public/wp-content/themes/lcbc-equip/app/public/wp-content/plugins/simply-static/src/integrations/class-elementor-integration.php on line 199
[18-Apr-2025 11:16:18 UTC] PHP Warning:  filesize(): stat failed for alert.42cc1d522ef5c60bf874.bundle.min.js in /Users/echois/Local Sites/lcbc-equip/app/public/wp-content/themes/lcbc-equip/app/public/wp-content/plugins/simply-static/src/integrations/class-elementor-integration.php on line 199
[18-Apr-2025 11:16:18 UTC] PHP Warning:  filesize(): stat failed for c4dcba54ff9219690f00.bundle.min.js in /Users/echois/Local Sites/lcbc-equip/app/public/wp-content/themes/lcbc-equip/app/public/wp-content/plugins/simply-static/src/integrations/class-elementor-integration.php on line 199
[18-Apr-2025 11:16:18 UTC] PHP Warning:  filesize(): stat failed for contact-buttons.7c9983ed0d4964b951c2.bundle.min.js in /Users/echois/Local Sites/lcbc-equip/app/public/wp-content/themes/lcbc-equip/app/public/wp-content/plugins/simply-static/src/integrations/class-elementor-integration.php on line 199
[18-Apr-2025 11:16:18 UTC] PHP Warning:  filesize(): stat failed for container.0754914e4611dc659a50.bundle.min.js in /Users/echois/Local Sites/lcbc-equip/app/public/wp-content/themes/lcbc-equip/app/public/wp-content/plugins/simply-static/src/integrations/class-elementor-integration.php on line 199
[18-Apr-2025 11:16:18 UTC] PHP Warning:  filesize(): stat failed for counter.12335f45aaa79d244f24.bundle.min.js in /Users/echois/Local Sites/lcbc-equip/app/public/wp-content/themes/lcbc-equip/app/public/wp-content/plugins/simply-static/src/integrations/class-elementor-integration.php on line 199
[18-Apr-2025 11:16:18 UTC] PHP Warning:  filesize(): stat failed for floating-bars.c1e9838906b386709cd4.bundle.min.js in /Users/echois/Local Sites/lcbc-equip/app/public/wp-content/themes/lcbc-equip/app/public/wp-content/plugins/simply-static/src/integrations/class-elementor-integration.php on line 199
[18-Apr-2025 11:16:18 UTC] PHP Warning:  filesize(): stat failed for image-carousel.6167d20b95b33386757b.bundle.min.js in /Users/echois/Local Sites/lcbc-equip/app/public/wp-content/themes/lcbc-equip/app/public/wp-content/plugins/simply-static/src/integrations/class-elementor-integration.php on line 199
[18-Apr-2025 11:16:18 UTC] PHP Warning:  filesize(): stat failed for kit-library.09cb71ec3fbb128f4e25.bundle.min.js in /Users/echois/Local Sites/lcbc-equip/app/public/wp-content/themes/lcbc-equip/app/public/wp-content/plugins/simply-static/src/integrations/class-elementor-integration.php on line 199
[18-Apr-2025 11:16:18 UTC] PHP Warning:  filesize(): stat failed for lightbox.f3fa607b705962362647.bundle.min.js in /Users/echois/Local Sites/lcbc-equip/app/public/wp-content/themes/lcbc-equip/app/public/wp-content/plugins/simply-static/src/integrations/class-elementor-integration.php on line 199
[18-Apr-2025 11:16:18 UTC] PHP Warning:  filesize(): stat failed for nested-accordion.c546968f7aebebc356f2.bundle.min.js in /Users/echois/Local Sites/lcbc-equip/app/public/wp-content/themes/lcbc-equip/app/public/wp-content/plugins/simply-static/src/integrations/class-elementor-integration.php on line 199
[18-Apr-2025 11:16:18 UTC] PHP Warning:  filesize(): stat failed for nested-tabs.1fde581754604147f6d7.bundle.min.js in /Users/echois/Local Sites/lcbc-equip/app/public/wp-content/themes/lcbc-equip/app/public/wp-content/plugins/simply-static/src/integrations/class-elementor-integration.php on line 199
[18-Apr-2025 11:16:18 UTC] PHP Warning:  filesize(): stat failed for nested-title-keyboard-handler.fc9d01c2cd0ef46d20fd.bundle.min.js in /Users/echois/Local Sites/lcbc-equip/app/public/wp-content/themes/lcbc-equip/app/public/wp-content/plugins/simply-static/src/integrations/class-elementor-integration.php on line 199
[18-Apr-2025 11:16:18 UTC] PHP Warning:  filesize(): stat failed for onboarding.cb1850dab52d5cd9ce5b.bundle.min.js in /Users/echois/Local Sites/lcbc-equip/app/public/wp-content/themes/lcbc-equip/app/public/wp-content/plugins/simply-static/src/integrations/class-elementor-integration.php on line 199
[18-Apr-2025 11:16:18 UTC] PHP Warning:  filesize(): stat failed for progress.3200f67fe8fb78924bea.bundle.min.js in /Users/echois/Local Sites/lcbc-equip/app/public/wp-content/themes/lcbc-equip/app/public/wp-content/plugins/simply-static/src/integrations/class-elementor-integration.php on line 199
[18-Apr-2025 11:16:18 UTC] PHP Warning:  filesize(): stat failed for styleguide-app.51d4579e75a5f39265bc.bundle.min.js in /Users/echois/Local Sites/lcbc-equip/app/public/wp-content/themes/lcbc-equip/app/public/wp-content/plugins/simply-static/src/integrations/class-elementor-integration.php on line 199
[18-Apr-2025 11:16:18 UTC] PHP Warning:  filesize(): stat failed for tabs.537e7a0f178447960143.bundle.min.js in /Users/echois/Local Sites/lcbc-equip/app/public/wp-content/themes/lcbc-equip/app/public/wp-content/plugins/simply-static/src/integrations/class-elementor-integration.php on line 199
[18-Apr-2025 11:16:18 UTC] PHP Warning:  filesize(): stat failed for text-editor.c084ef86600b6f11690d.bundle.min.js in /Users/echois/Local Sites/lcbc-equip/app/public/wp-content/themes/lcbc-equip/app/public/wp-content/plugins/simply-static/src/integrations/class-elementor-integration.php on line 199
[18-Apr-2025 11:16:18 UTC] PHP Warning:  filesize(): stat failed for text-path.5923566687faac82ea62.bundle.min.js in /Users/echois/Local Sites/lcbc-equip/app/public/wp-content/themes/lcbc-equip/app/public/wp-content/plugins/simply-static/src/integrations/class-elementor-integration.php on line 199
[18-Apr-2025 11:16:18 UTC] PHP Warning:  filesize(): stat failed for text-path.5923566687faac82ea62.bundle.min.js.LICENSE.txt in /Users/echois/Local Sites/lcbc-equip/app/public/wp-content/themes/lcbc-equip/app/public/wp-content/plugins/simply-static/src/integrations/class-elementor-integration.php on line 199
[18-Apr-2025 11:16:18 UTC] PHP Warning:  filesize(): stat failed for toggle.a6177e2e3c2bc8864bef.bundle.min.js in /Users/echois/Local Sites/lcbc-equip/app/public/wp-content/themes/lcbc-equip/app/public/wp-content/plugins/simply-static/src/integrations/class-elementor-integration.php on line 199
[18-Apr-2025 11:16:18 UTC] PHP Warning:  filesize(): stat failed for video.6ebfa2c3f5493cb2eaaf.bundle.min.js in /Users/echois/Local Sites/lcbc-equip/app/public/wp-content/themes/lcbc-equip/app/public/wp-content/plugins/simply-static/src/integrations/class-elementor-integration.php on line 199
[18-Apr-2025 11:16:18 UTC] PHP Warning:  filesize(): stat failed for wp-audio.c9624cb6e5dc9de86abd.bundle.min.js in /Users/echois/Local Sites/lcbc-equip/app/public/wp-content/themes/lcbc-equip/app/public/wp-content/plugins/simply-static/src/integrations/class-elementor-integration.php on line 199
[18-Apr-2025 11:35:02 UTC] PHP Warning:  filesize(): stat failed for 025905cd015671d0a830.bundle.min.js in /Users/echois/Local Sites/lcbc-equip/app/public/wp-content/themes/lcbc-equip/app/public/wp-content/plugins/simply-static/src/integrations/class-elementor-integration.php on line 199
[18-Apr-2025 11:35:02 UTC] PHP Warning:  filesize(): stat failed for 0f7962315cd2e100f80e.bundle.min.js in /Users/echois/Local Sites/lcbc-equip/app/public/wp-content/themes/lcbc-equip/app/public/wp-content/plugins/simply-static/src/integrations/class-elementor-integration.php on line 199
[18-Apr-2025 11:35:02 UTC] PHP Warning:  filesize(): stat failed for 2e387c4154cbf63565b2.bundle.min.js in /Users/echois/Local Sites/lcbc-equip/app/public/wp-content/themes/lcbc-equip/app/public/wp-content/plugins/simply-static/src/integrations/class-elementor-integration.php on line 199
[18-Apr-2025 11:35:02 UTC] PHP Warning:  filesize(): stat failed for 3ac06e8b9c2e8f04c57d.bundle.min.js in /Users/echois/Local Sites/lcbc-equip/app/public/wp-content/themes/lcbc-equip/app/public/wp-content/plugins/simply-static/src/integrations/class-elementor-integration.php on line 199
[18-Apr-2025 11:35:02 UTC] PHP Warning:  filesize(): stat failed for 4573680c5d8b9b2d9f17.bundle.min.js in /Users/echois/Local Sites/lcbc-equip/app/public/wp-content/themes/lcbc-equip/app/public/wp-content/plugins/simply-static/src/integrations/class-elementor-integration.php on line 199
[18-Apr-2025 11:35:02 UTC] PHP Warning:  filesize(): stat failed for 5b6ef966b71e5cf670d8.bundle.min.js in /Users/echois/Local Sites/lcbc-equip/app/public/wp-content/themes/lcbc-equip/app/public/wp-content/plugins/simply-static/src/integrations/class-elementor-integration.php on line 199
[18-Apr-2025 11:35:02 UTC] PHP Warning:  filesize(): stat failed for accordion.36aa4c8c4eba17bc8e03.bundle.min.js in /Users/echois/Local Sites/lcbc-equip/app/public/wp-content/themes/lcbc-equip/app/public/wp-content/plugins/simply-static/src/integrations/class-elementor-integration.php on line 199
[18-Apr-2025 11:35:02 UTC] PHP Warning:  filesize(): stat failed for alert.42cc1d522ef5c60bf874.bundle.min.js in /Users/echois/Local Sites/lcbc-equip/app/public/wp-content/themes/lcbc-equip/app/public/wp-content/plugins/simply-static/src/integrations/class-elementor-integration.php on line 199
[18-Apr-2025 11:35:02 UTC] PHP Warning:  filesize(): stat failed for c4dcba54ff9219690f00.bundle.min.js in /Users/echois/Local Sites/lcbc-equip/app/public/wp-content/themes/lcbc-equip/app/public/wp-content/plugins/simply-static/src/integrations/class-elementor-integration.php on line 199
[18-Apr-2025 11:35:02 UTC] PHP Warning:  filesize(): stat failed for contact-buttons.7c9983ed0d4964b951c2.bundle.min.js in /Users/echois/Local Sites/lcbc-equip/app/public/wp-content/themes/lcbc-equip/app/public/wp-content/plugins/simply-static/src/integrations/class-elementor-integration.php on line 199
[18-Apr-2025 11:35:02 UTC] PHP Warning:  filesize(): stat failed for container.0754914e4611dc659a50.bundle.min.js in /Users/echois/Local Sites/lcbc-equip/app/public/wp-content/themes/lcbc-equip/app/public/wp-content/plugins/simply-static/src/integrations/class-elementor-integration.php on line 199
[18-Apr-2025 11:35:02 UTC] PHP Warning:  filesize(): stat failed for counter.12335f45aaa79d244f24.bundle.min.js in /Users/echois/Local Sites/lcbc-equip/app/public/wp-content/themes/lcbc-equip/app/public/wp-content/plugins/simply-static/src/integrations/class-elementor-integration.php on line 199
[18-Apr-2025 11:35:02 UTC] PHP Warning:  filesize(): stat failed for floating-bars.c1e9838906b386709cd4.bundle.min.js in /Users/echois/Local Sites/lcbc-equip/app/public/wp-content/themes/lcbc-equip/app/public/wp-content/plugins/simply-static/src/integrations/class-elementor-integration.php on line 199
[18-Apr-2025 11:35:02 UTC] PHP Warning:  filesize(): stat failed for image-carousel.6167d20b95b33386757b.bundle.min.js in /Users/echois/Local Sites/lcbc-equip/app/public/wp-content/themes/lcbc-equip/app/public/wp-content/plugins/simply-static/src/integrations/class-elementor-integration.php on line 199
[18-Apr-2025 11:35:02 UTC] PHP Warning:  filesize(): stat failed for kit-library.09cb71ec3fbb128f4e25.bundle.min.js in /Users/echois/Local Sites/lcbc-equip/app/public/wp-content/themes/lcbc-equip/app/public/wp-content/plugins/simply-static/src/integrations/class-elementor-integration.php on line 199
[18-Apr-2025 11:35:02 UTC] PHP Warning:  filesize(): stat failed for lightbox.f3fa607b705962362647.bundle.min.js in /Users/echois/Local Sites/lcbc-equip/app/public/wp-content/themes/lcbc-equip/app/public/wp-content/plugins/simply-static/src/integrations/class-elementor-integration.php on line 199
[18-Apr-2025 11:35:02 UTC] PHP Warning:  filesize(): stat failed for nested-accordion.c546968f7aebebc356f2.bundle.min.js in /Users/echois/Local Sites/lcbc-equip/app/public/wp-content/themes/lcbc-equip/app/public/wp-content/plugins/simply-static/src/integrations/class-elementor-integration.php on line 199
[18-Apr-2025 11:35:02 UTC] PHP Warning:  filesize(): stat failed for nested-tabs.1fde581754604147f6d7.bundle.min.js in /Users/echois/Local Sites/lcbc-equip/app/public/wp-content/themes/lcbc-equip/app/public/wp-content/plugins/simply-static/src/integrations/class-elementor-integration.php on line 199
[18-Apr-2025 11:35:02 UTC] PHP Warning:  filesize(): stat failed for nested-title-keyboard-handler.fc9d01c2cd0ef46d20fd.bundle.min.js in /Users/echois/Local Sites/lcbc-equip/app/public/wp-content/themes/lcbc-equip/app/public/wp-content/plugins/simply-static/src/integrations/class-elementor-integration.php on line 199
[18-Apr-2025 11:35:02 UTC] PHP Warning:  filesize(): stat failed for onboarding.cb1850dab52d5cd9ce5b.bundle.min.js in /Users/echois/Local Sites/lcbc-equip/app/public/wp-content/themes/lcbc-equip/app/public/wp-content/plugins/simply-static/src/integrations/class-elementor-integration.php on line 199
[18-Apr-2025 11:35:02 UTC] PHP Warning:  filesize(): stat failed for progress.3200f67fe8fb78924bea.bundle.min.js in /Users/echois/Local Sites/lcbc-equip/app/public/wp-content/themes/lcbc-equip/app/public/wp-content/plugins/simply-static/src/integrations/class-elementor-integration.php on line 199
[18-Apr-2025 11:35:02 UTC] PHP Warning:  filesize(): stat failed for styleguide-app.51d4579e75a5f39265bc.bundle.min.js in /Users/echois/Local Sites/lcbc-equip/app/public/wp-content/themes/lcbc-equip/app/public/wp-content/plugins/simply-static/src/integrations/class-elementor-integration.php on line 199
[18-Apr-2025 11:35:02 UTC] PHP Warning:  filesize(): stat failed for tabs.537e7a0f178447960143.bundle.min.js in /Users/echois/Local Sites/lcbc-equip/app/public/wp-content/themes/lcbc-equip/app/public/wp-content/plugins/simply-static/src/integrations/class-elementor-integration.php on line 199
[18-Apr-2025 11:35:02 UTC] PHP Warning:  filesize(): stat failed for text-editor.c084ef86600b6f11690d.bundle.min.js in /Users/echois/Local Sites/lcbc-equip/app/public/wp-content/themes/lcbc-equip/app/public/wp-content/plugins/simply-static/src/integrations/class-elementor-integration.php on line 199
[18-Apr-2025 11:35:02 UTC] PHP Warning:  filesize(): stat failed for text-path.5923566687faac82ea62.bundle.min.js in /Users/echois/Local Sites/lcbc-equip/app/public/wp-content/themes/lcbc-equip/app/public/wp-content/plugins/simply-static/src/integrations/class-elementor-integration.php on line 199
[18-Apr-2025 11:35:02 UTC] PHP Warning:  filesize(): stat failed for text-path.5923566687faac82ea62.bundle.min.js.LICENSE.txt in /Users/echois/Local Sites/lcbc-equip/app/public/wp-content/themes/lcbc-equip/app/public/wp-content/plugins/simply-static/src/integrations/class-elementor-integration.php on line 199
[18-Apr-2025 11:35:02 UTC] PHP Warning:  filesize(): stat failed for toggle.a6177e2e3c2bc8864bef.bundle.min.js in /Users/echois/Local Sites/lcbc-equip/app/public/wp-content/themes/lcbc-equip/app/public/wp-content/plugins/simply-static/src/integrations/class-elementor-integration.php on line 199
[18-Apr-2025 11:35:02 UTC] PHP Warning:  filesize(): stat failed for video.6ebfa2c3f5493cb2eaaf.bundle.min.js in /Users/echois/Local Sites/lcbc-equip/app/public/wp-content/themes/lcbc-equip/app/public/wp-content/plugins/simply-static/src/integrations/class-elementor-integration.php on line 199
[18-Apr-2025 11:35:02 UTC] PHP Warning:  filesize(): stat failed for wp-audio.c9624cb6e5dc9de86abd.bundle.min.js in /Users/echois/Local Sites/lcbc-equip/app/public/wp-content/themes/lcbc-equip/app/public/wp-content/plugins/simply-static/src/integrations/class-elementor-integration.php on line 199
[18-Apr-2025 11:44:04 UTC] WordPress database error Server shutdown in progress for query SELECT option_value FROM wp_options WHERE option_name = 'theme_switched' LIMIT 1 made by include('phar:///Applications/Local.app/Contents/Resources/extraResources/bin/wp-cli/wp-cli.phar/php/boot-phar.php'), include('phar:///Applications/Local.app/Contents/Resources/extraResources/bin/wp-cli/wp-cli.phar/vendor/wp-cli/wp-cli/php/wp-cli.php'), WP_CLI\bootstrap, WP_CLI\Bootstrap\LaunchRunner->process, WP_CLI\Runner->start, WP_CLI\Runner->load_wordpress, require('wp-settings.php'), do_action('init'), WP_Hook->do_action, WP_Hook->apply_filters, check_theme_switched, get_option
[18-Apr-2025 18:19:37 UTC] PHP Warning:  filesize(): stat failed for 025905cd015671d0a830.bundle.min.js in /Users/echois/Local Sites/lcbc-equip/app/public/wp-content/themes/lcbc-equip/app/public/wp-content/plugins/simply-static/src/integrations/class-elementor-integration.php on line 199
[18-Apr-2025 18:19:37 UTC] PHP Warning:  filesize(): stat failed for 0f7962315cd2e100f80e.bundle.min.js in /Users/echois/Local Sites/lcbc-equip/app/public/wp-content/themes/lcbc-equip/app/public/wp-content/plugins/simply-static/src/integrations/class-elementor-integration.php on line 199
[18-Apr-2025 18:19:37 UTC] PHP Warning:  filesize(): stat failed for 2e387c4154cbf63565b2.bundle.min.js in /Users/echois/Local Sites/lcbc-equip/app/public/wp-content/themes/lcbc-equip/app/public/wp-content/plugins/simply-static/src/integrations/class-elementor-integration.php on line 199
[18-Apr-2025 18:19:37 UTC] PHP Warning:  filesize(): stat failed for 3ac06e8b9c2e8f04c57d.bundle.min.js in /Users/echois/Local Sites/lcbc-equip/app/public/wp-content/themes/lcbc-equip/app/public/wp-content/plugins/simply-static/src/integrations/class-elementor-integration.php on line 199
[18-Apr-2025 18:19:37 UTC] PHP Warning:  filesize(): stat failed for 4573680c5d8b9b2d9f17.bundle.min.js in /Users/echois/Local Sites/lcbc-equip/app/public/wp-content/themes/lcbc-equip/app/public/wp-content/plugins/simply-static/src/integrations/class-elementor-integration.php on line 199
[18-Apr-2025 18:19:37 UTC] PHP Warning:  filesize(): stat failed for 5b6ef966b71e5cf670d8.bundle.min.js in /Users/echois/Local Sites/lcbc-equip/app/public/wp-content/themes/lcbc-equip/app/public/wp-content/plugins/simply-static/src/integrations/class-elementor-integration.php on line 199
[18-Apr-2025 18:19:37 UTC] PHP Warning:  filesize(): stat failed for accordion.36aa4c8c4eba17bc8e03.bundle.min.js in /Users/echois/Local Sites/lcbc-equip/app/public/wp-content/themes/lcbc-equip/app/public/wp-content/plugins/simply-static/src/integrations/class-elementor-integration.php on line 199
[18-Apr-2025 18:19:37 UTC] PHP Warning:  filesize(): stat failed for alert.42cc1d522ef5c60bf874.bundle.min.js in /Users/echois/Local Sites/lcbc-equip/app/public/wp-content/themes/lcbc-equip/app/public/wp-content/plugins/simply-static/src/integrations/class-elementor-integration.php on line 199
[18-Apr-2025 18:19:37 UTC] PHP Warning:  filesize(): stat failed for c4dcba54ff9219690f00.bundle.min.js in /Users/echois/Local Sites/lcbc-equip/app/public/wp-content/themes/lcbc-equip/app/public/wp-content/plugins/simply-static/src/integrations/class-elementor-integration.php on line 199
[18-Apr-2025 18:19:37 UTC] PHP Warning:  filesize(): stat failed for contact-buttons.7c9983ed0d4964b951c2.bundle.min.js in /Users/echois/Local Sites/lcbc-equip/app/public/wp-content/themes/lcbc-equip/app/public/wp-content/plugins/simply-static/src/integrations/class-elementor-integration.php on line 199
[18-Apr-2025 18:19:37 UTC] PHP Warning:  filesize(): stat failed for container.0754914e4611dc659a50.bundle.min.js in /Users/echois/Local Sites/lcbc-equip/app/public/wp-content/themes/lcbc-equip/app/public/wp-content/plugins/simply-static/src/integrations/class-elementor-integration.php on line 199
[18-Apr-2025 18:19:37 UTC] PHP Warning:  filesize(): stat failed for counter.12335f45aaa79d244f24.bundle.min.js in /Users/echois/Local Sites/lcbc-equip/app/public/wp-content/themes/lcbc-equip/app/public/wp-content/plugins/simply-static/src/integrations/class-elementor-integration.php on line 199
[18-Apr-2025 18:19:37 UTC] PHP Warning:  filesize(): stat failed for floating-bars.c1e9838906b386709cd4.bundle.min.js in /Users/echois/Local Sites/lcbc-equip/app/public/wp-content/themes/lcbc-equip/app/public/wp-content/plugins/simply-static/src/integrations/class-elementor-integration.php on line 199
[18-Apr-2025 18:19:37 UTC] PHP Warning:  filesize(): stat failed for image-carousel.6167d20b95b33386757b.bundle.min.js in /Users/echois/Local Sites/lcbc-equip/app/public/wp-content/themes/lcbc-equip/app/public/wp-content/plugins/simply-static/src/integrations/class-elementor-integration.php on line 199
[18-Apr-2025 18:19:37 UTC] PHP Warning:  filesize(): stat failed for kit-library.09cb71ec3fbb128f4e25.bundle.min.js in /Users/echois/Local Sites/lcbc-equip/app/public/wp-content/themes/lcbc-equip/app/public/wp-content/plugins/simply-static/src/integrations/class-elementor-integration.php on line 199
[18-Apr-2025 18:19:37 UTC] PHP Warning:  filesize(): stat failed for lightbox.f3fa607b705962362647.bundle.min.js in /Users/echois/Local Sites/lcbc-equip/app/public/wp-content/themes/lcbc-equip/app/public/wp-content/plugins/simply-static/src/integrations/class-elementor-integration.php on line 199
[18-Apr-2025 18:19:37 UTC] PHP Warning:  filesize(): stat failed for nested-accordion.c546968f7aebebc356f2.bundle.min.js in /Users/echois/Local Sites/lcbc-equip/app/public/wp-content/themes/lcbc-equip/app/public/wp-content/plugins/simply-static/src/integrations/class-elementor-integration.php on line 199
[18-Apr-2025 18:19:37 UTC] PHP Warning:  filesize(): stat failed for nested-tabs.1fde581754604147f6d7.bundle.min.js in /Users/echois/Local Sites/lcbc-equip/app/public/wp-content/themes/lcbc-equip/app/public/wp-content/plugins/simply-static/src/integrations/class-elementor-integration.php on line 199
[18-Apr-2025 18:19:37 UTC] PHP Warning:  filesize(): stat failed for nested-title-keyboard-handler.fc9d01c2cd0ef46d20fd.bundle.min.js in /Users/echois/Local Sites/lcbc-equip/app/public/wp-content/themes/lcbc-equip/app/public/wp-content/plugins/simply-static/src/integrations/class-elementor-integration.php on line 199
[18-Apr-2025 18:19:37 UTC] PHP Warning:  filesize(): stat failed for onboarding.cb1850dab52d5cd9ce5b.bundle.min.js in /Users/echois/Local Sites/lcbc-equip/app/public/wp-content/themes/lcbc-equip/app/public/wp-content/plugins/simply-static/src/integrations/class-elementor-integration.php on line 199
[18-Apr-2025 18:19:37 UTC] PHP Warning:  filesize(): stat failed for progress.3200f67fe8fb78924bea.bundle.min.js in /Users/echois/Local Sites/lcbc-equip/app/public/wp-content/themes/lcbc-equip/app/public/wp-content/plugins/simply-static/src/integrations/class-elementor-integration.php on line 199
[18-Apr-2025 18:19:37 UTC] PHP Warning:  filesize(): stat failed for styleguide-app.51d4579e75a5f39265bc.bundle.min.js in /Users/echois/Local Sites/lcbc-equip/app/public/wp-content/themes/lcbc-equip/app/public/wp-content/plugins/simply-static/src/integrations/class-elementor-integration.php on line 199
[18-Apr-2025 18:19:37 UTC] PHP Warning:  filesize(): stat failed for tabs.537e7a0f178447960143.bundle.min.js in /Users/echois/Local Sites/lcbc-equip/app/public/wp-content/themes/lcbc-equip/app/public/wp-content/plugins/simply-static/src/integrations/class-elementor-integration.php on line 199
[18-Apr-2025 18:19:37 UTC] PHP Warning:  filesize(): stat failed for text-editor.c084ef86600b6f11690d.bundle.min.js in /Users/echois/Local Sites/lcbc-equip/app/public/wp-content/themes/lcbc-equip/app/public/wp-content/plugins/simply-static/src/integrations/class-elementor-integration.php on line 199
[18-Apr-2025 18:19:37 UTC] PHP Warning:  filesize(): stat failed for text-path.5923566687faac82ea62.bundle.min.js in /Users/echois/Local Sites/lcbc-equip/app/public/wp-content/themes/lcbc-equip/app/public/wp-content/plugins/simply-static/src/integrations/class-elementor-integration.php on line 199
[18-Apr-2025 18:19:37 UTC] PHP Warning:  filesize(): stat failed for text-path.5923566687faac82ea62.bundle.min.js.LICENSE.txt in /Users/echois/Local Sites/lcbc-equip/app/public/wp-content/themes/lcbc-equip/app/public/wp-content/plugins/simply-static/src/integrations/class-elementor-integration.php on line 199
[18-Apr-2025 18:19:37 UTC] PHP Warning:  filesize(): stat failed for toggle.a6177e2e3c2bc8864bef.bundle.min.js in /Users/echois/Local Sites/lcbc-equip/app/public/wp-content/themes/lcbc-equip/app/public/wp-content/plugins/simply-static/src/integrations/class-elementor-integration.php on line 199
[18-Apr-2025 18:19:37 UTC] PHP Warning:  filesize(): stat failed for video.6ebfa2c3f5493cb2eaaf.bundle.min.js in /Users/echois/Local Sites/lcbc-equip/app/public/wp-content/themes/lcbc-equip/app/public/wp-content/plugins/simply-static/src/integrations/class-elementor-integration.php on line 199
[18-Apr-2025 18:19:37 UTC] PHP Warning:  filesize(): stat failed for wp-audio.c9624cb6e5dc9de86abd.bundle.min.js in /Users/echois/Local Sites/lcbc-equip/app/public/wp-content/themes/lcbc-equip/app/public/wp-content/plugins/simply-static/src/integrations/class-elementor-integration.php on line 199
[19-Apr-2025 06:09:13 UTC] PHP Warning:  filesize(): stat failed for 025905cd015671d0a830.bundle.min.js in /Users/echois/Local Sites/lcbc-equip/app/public/wp-content/themes/lcbc-equip/app/public/wp-content/plugins/simply-static/src/integrations/class-elementor-integration.php on line 199
[19-Apr-2025 06:09:13 UTC] PHP Warning:  filesize(): stat failed for 0f7962315cd2e100f80e.bundle.min.js in /Users/echois/Local Sites/lcbc-equip/app/public/wp-content/themes/lcbc-equip/app/public/wp-content/plugins/simply-static/src/integrations/class-elementor-integration.php on line 199
[19-Apr-2025 06:09:13 UTC] PHP Warning:  filesize(): stat failed for 2e387c4154cbf63565b2.bundle.min.js in /Users/echois/Local Sites/lcbc-equip/app/public/wp-content/themes/lcbc-equip/app/public/wp-content/plugins/simply-static/src/integrations/class-elementor-integration.php on line 199
[19-Apr-2025 06:09:13 UTC] PHP Warning:  filesize(): stat failed for 3ac06e8b9c2e8f04c57d.bundle.min.js in /Users/echois/Local Sites/lcbc-equip/app/public/wp-content/themes/lcbc-equip/app/public/wp-content/plugins/simply-static/src/integrations/class-elementor-integration.php on line 199
[19-Apr-2025 06:09:13 UTC] PHP Warning:  filesize(): stat failed for 4573680c5d8b9b2d9f17.bundle.min.js in /Users/echois/Local Sites/lcbc-equip/app/public/wp-content/themes/lcbc-equip/app/public/wp-content/plugins/simply-static/src/integrations/class-elementor-integration.php on line 199
[19-Apr-2025 06:09:13 UTC] PHP Warning:  filesize(): stat failed for 5b6ef966b71e5cf670d8.bundle.min.js in /Users/echois/Local Sites/lcbc-equip/app/public/wp-content/themes/lcbc-equip/app/public/wp-content/plugins/simply-static/src/integrations/class-elementor-integration.php on line 199
[19-Apr-2025 06:09:13 UTC] PHP Warning:  filesize(): stat failed for accordion.36aa4c8c4eba17bc8e03.bundle.min.js in /Users/echois/Local Sites/lcbc-equip/app/public/wp-content/themes/lcbc-equip/app/public/wp-content/plugins/simply-static/src/integrations/class-elementor-integration.php on line 199
[19-Apr-2025 06:09:13 UTC] PHP Warning:  filesize(): stat failed for alert.42cc1d522ef5c60bf874.bundle.min.js in /Users/echois/Local Sites/lcbc-equip/app/public/wp-content/themes/lcbc-equip/app/public/wp-content/plugins/simply-static/src/integrations/class-elementor-integration.php on line 199
[19-Apr-2025 06:09:13 UTC] PHP Warning:  filesize(): stat failed for c4dcba54ff9219690f00.bundle.min.js in /Users/echois/Local Sites/lcbc-equip/app/public/wp-content/themes/lcbc-equip/app/public/wp-content/plugins/simply-static/src/integrations/class-elementor-integration.php on line 199
[19-Apr-2025 06:09:13 UTC] PHP Warning:  filesize(): stat failed for contact-buttons.7c9983ed0d4964b951c2.bundle.min.js in /Users/echois/Local Sites/lcbc-equip/app/public/wp-content/themes/lcbc-equip/app/public/wp-content/plugins/simply-static/src/integrations/class-elementor-integration.php on line 199
[19-Apr-2025 06:09:13 UTC] PHP Warning:  filesize(): stat failed for container.0754914e4611dc659a50.bundle.min.js in /Users/echois/Local Sites/lcbc-equip/app/public/wp-content/themes/lcbc-equip/app/public/wp-content/plugins/simply-static/src/integrations/class-elementor-integration.php on line 199
[19-Apr-2025 06:09:13 UTC] PHP Warning:  filesize(): stat failed for counter.12335f45aaa79d244f24.bundle.min.js in /Users/echois/Local Sites/lcbc-equip/app/public/wp-content/themes/lcbc-equip/app/public/wp-content/plugins/simply-static/src/integrations/class-elementor-integration.php on line 199
[19-Apr-2025 06:09:13 UTC] PHP Warning:  filesize(): stat failed for floating-bars.c1e9838906b386709cd4.bundle.min.js in /Users/echois/Local Sites/lcbc-equip/app/public/wp-content/themes/lcbc-equip/app/public/wp-content/plugins/simply-static/src/integrations/class-elementor-integration.php on line 199
[19-Apr-2025 06:09:13 UTC] PHP Warning:  filesize(): stat failed for image-carousel.6167d20b95b33386757b.bundle.min.js in /Users/echois/Local Sites/lcbc-equip/app/public/wp-content/themes/lcbc-equip/app/public/wp-content/plugins/simply-static/src/integrations/class-elementor-integration.php on line 199
[19-Apr-2025 06:09:13 UTC] PHP Warning:  filesize(): stat failed for kit-library.09cb71ec3fbb128f4e25.bundle.min.js in /Users/echois/Local Sites/lcbc-equip/app/public/wp-content/themes/lcbc-equip/app/public/wp-content/plugins/simply-static/src/integrations/class-elementor-integration.php on line 199
[19-Apr-2025 06:09:13 UTC] PHP Warning:  filesize(): stat failed for lightbox.f3fa607b705962362647.bundle.min.js in /Users/echois/Local Sites/lcbc-equip/app/public/wp-content/themes/lcbc-equip/app/public/wp-content/plugins/simply-static/src/integrations/class-elementor-integration.php on line 199
[19-Apr-2025 06:09:13 UTC] PHP Warning:  filesize(): stat failed for nested-accordion.c546968f7aebebc356f2.bundle.min.js in /Users/echois/Local Sites/lcbc-equip/app/public/wp-content/themes/lcbc-equip/app/public/wp-content/plugins/simply-static/src/integrations/class-elementor-integration.php on line 199
[19-Apr-2025 06:09:13 UTC] PHP Warning:  filesize(): stat failed for nested-tabs.1fde581754604147f6d7.bundle.min.js in /Users/echois/Local Sites/lcbc-equip/app/public/wp-content/themes/lcbc-equip/app/public/wp-content/plugins/simply-static/src/integrations/class-elementor-integration.php on line 199
[19-Apr-2025 06:09:13 UTC] PHP Warning:  filesize(): stat failed for nested-title-keyboard-handler.fc9d01c2cd0ef46d20fd.bundle.min.js in /Users/echois/Local Sites/lcbc-equip/app/public/wp-content/themes/lcbc-equip/app/public/wp-content/plugins/simply-static/src/integrations/class-elementor-integration.php on line 199
[19-Apr-2025 06:09:13 UTC] PHP Warning:  filesize(): stat failed for onboarding.cb1850dab52d5cd9ce5b.bundle.min.js in /Users/echois/Local Sites/lcbc-equip/app/public/wp-content/themes/lcbc-equip/app/public/wp-content/plugins/simply-static/src/integrations/class-elementor-integration.php on line 199
[19-Apr-2025 06:09:13 UTC] PHP Warning:  filesize(): stat failed for progress.3200f67fe8fb78924bea.bundle.min.js in /Users/echois/Local Sites/lcbc-equip/app/public/wp-content/themes/lcbc-equip/app/public/wp-content/plugins/simply-static/src/integrations/class-elementor-integration.php on line 199
[19-Apr-2025 06:09:13 UTC] PHP Warning:  filesize(): stat failed for styleguide-app.51d4579e75a5f39265bc.bundle.min.js in /Users/echois/Local Sites/lcbc-equip/app/public/wp-content/themes/lcbc-equip/app/public/wp-content/plugins/simply-static/src/integrations/class-elementor-integration.php on line 199
[19-Apr-2025 06:09:13 UTC] PHP Warning:  filesize(): stat failed for tabs.537e7a0f178447960143.bundle.min.js in /Users/echois/Local Sites/lcbc-equip/app/public/wp-content/themes/lcbc-equip/app/public/wp-content/plugins/simply-static/src/integrations/class-elementor-integration.php on line 199
[19-Apr-2025 06:09:13 UTC] PHP Warning:  filesize(): stat failed for text-editor.c084ef86600b6f11690d.bundle.min.js in /Users/echois/Local Sites/lcbc-equip/app/public/wp-content/themes/lcbc-equip/app/public/wp-content/plugins/simply-static/src/integrations/class-elementor-integration.php on line 199
[19-Apr-2025 06:09:13 UTC] PHP Warning:  filesize(): stat failed for text-path.5923566687faac82ea62.bundle.min.js in /Users/echois/Local Sites/lcbc-equip/app/public/wp-content/themes/lcbc-equip/app/public/wp-content/plugins/simply-static/src/integrations/class-elementor-integration.php on line 199
[19-Apr-2025 06:09:13 UTC] PHP Warning:  filesize(): stat failed for text-path.5923566687faac82ea62.bundle.min.js.LICENSE.txt in /Users/echois/Local Sites/lcbc-equip/app/public/wp-content/themes/lcbc-equip/app/public/wp-content/plugins/simply-static/src/integrations/class-elementor-integration.php on line 199
[19-Apr-2025 06:09:13 UTC] PHP Warning:  filesize(): stat failed for toggle.a6177e2e3c2bc8864bef.bundle.min.js in /Users/echois/Local Sites/lcbc-equip/app/public/wp-content/themes/lcbc-equip/app/public/wp-content/plugins/simply-static/src/integrations/class-elementor-integration.php on line 199
[19-Apr-2025 06:09:13 UTC] PHP Warning:  filesize(): stat failed for video.6ebfa2c3f5493cb2eaaf.bundle.min.js in /Users/echois/Local Sites/lcbc-equip/app/public/wp-content/themes/lcbc-equip/app/public/wp-content/plugins/simply-static/src/integrations/class-elementor-integration.php on line 199
[19-Apr-2025 06:09:13 UTC] PHP Warning:  filesize(): stat failed for wp-audio.c9624cb6e5dc9de86abd.bundle.min.js in /Users/echois/Local Sites/lcbc-equip/app/public/wp-content/themes/lcbc-equip/app/public/wp-content/plugins/simply-static/src/integrations/class-elementor-integration.php on line 199
[19-Apr-2025 06:31:57 UTC] PHP Warning:  filesize(): stat failed for 025905cd015671d0a830.bundle.min.js in /Users/echois/Local Sites/lcbc-equip/app/public/wp-content/themes/lcbc-equip/app/public/wp-content/plugins/simply-static/src/integrations/class-elementor-integration.php on line 199
[19-Apr-2025 06:31:57 UTC] PHP Warning:  filesize(): stat failed for 0f7962315cd2e100f80e.bundle.min.js in /Users/echois/Local Sites/lcbc-equip/app/public/wp-content/themes/lcbc-equip/app/public/wp-content/plugins/simply-static/src/integrations/class-elementor-integration.php on line 199
[19-Apr-2025 06:31:57 UTC] PHP Warning:  filesize(): stat failed for 2e387c4154cbf63565b2.bundle.min.js in /Users/echois/Local Sites/lcbc-equip/app/public/wp-content/themes/lcbc-equip/app/public/wp-content/plugins/simply-static/src/integrations/class-elementor-integration.php on line 199
[19-Apr-2025 06:31:57 UTC] PHP Warning:  filesize(): stat failed for 3ac06e8b9c2e8f04c57d.bundle.min.js in /Users/echois/Local Sites/lcbc-equip/app/public/wp-content/themes/lcbc-equip/app/public/wp-content/plugins/simply-static/src/integrations/class-elementor-integration.php on line 199
[19-Apr-2025 06:31:57 UTC] PHP Warning:  filesize(): stat failed for 4573680c5d8b9b2d9f17.bundle.min.js in /Users/echois/Local Sites/lcbc-equip/app/public/wp-content/themes/lcbc-equip/app/public/wp-content/plugins/simply-static/src/integrations/class-elementor-integration.php on line 199
[19-Apr-2025 06:31:57 UTC] PHP Warning:  filesize(): stat failed for 5b6ef966b71e5cf670d8.bundle.min.js in /Users/echois/Local Sites/lcbc-equip/app/public/wp-content/themes/lcbc-equip/app/public/wp-content/plugins/simply-static/src/integrations/class-elementor-integration.php on line 199
[19-Apr-2025 06:31:57 UTC] PHP Warning:  filesize(): stat failed for accordion.36aa4c8c4eba17bc8e03.bundle.min.js in /Users/echois/Local Sites/lcbc-equip/app/public/wp-content/themes/lcbc-equip/app/public/wp-content/plugins/simply-static/src/integrations/class-elementor-integration.php on line 199
[19-Apr-2025 06:31:57 UTC] PHP Warning:  filesize(): stat failed for alert.42cc1d522ef5c60bf874.bundle.min.js in /Users/echois/Local Sites/lcbc-equip/app/public/wp-content/themes/lcbc-equip/app/public/wp-content/plugins/simply-static/src/integrations/class-elementor-integration.php on line 199
[19-Apr-2025 06:31:57 UTC] PHP Warning:  filesize(): stat failed for c4dcba54ff9219690f00.bundle.min.js in /Users/echois/Local Sites/lcbc-equip/app/public/wp-content/themes/lcbc-equip/app/public/wp-content/plugins/simply-static/src/integrations/class-elementor-integration.php on line 199
[19-Apr-2025 06:31:57 UTC] PHP Warning:  filesize(): stat failed for contact-buttons.7c9983ed0d4964b951c2.bundle.min.js in /Users/echois/Local Sites/lcbc-equip/app/public/wp-content/themes/lcbc-equip/app/public/wp-content/plugins/simply-static/src/integrations/class-elementor-integration.php on line 199
[19-Apr-2025 06:31:57 UTC] PHP Warning:  filesize(): stat failed for container.0754914e4611dc659a50.bundle.min.js in /Users/echois/Local Sites/lcbc-equip/app/public/wp-content/themes/lcbc-equip/app/public/wp-content/plugins/simply-static/src/integrations/class-elementor-integration.php on line 199
[19-Apr-2025 06:31:57 UTC] PHP Warning:  filesize(): stat failed for counter.12335f45aaa79d244f24.bundle.min.js in /Users/echois/Local Sites/lcbc-equip/app/public/wp-content/themes/lcbc-equip/app/public/wp-content/plugins/simply-static/src/integrations/class-elementor-integration.php on line 199
[19-Apr-2025 06:31:57 UTC] PHP Warning:  filesize(): stat failed for floating-bars.c1e9838906b386709cd4.bundle.min.js in /Users/echois/Local Sites/lcbc-equip/app/public/wp-content/themes/lcbc-equip/app/public/wp-content/plugins/simply-static/src/integrations/class-elementor-integration.php on line 199
[19-Apr-2025 06:31:57 UTC] PHP Warning:  filesize(): stat failed for image-carousel.6167d20b95b33386757b.bundle.min.js in /Users/echois/Local Sites/lcbc-equip/app/public/wp-content/themes/lcbc-equip/app/public/wp-content/plugins/simply-static/src/integrations/class-elementor-integration.php on line 199
[19-Apr-2025 06:31:57 UTC] PHP Warning:  filesize(): stat failed for kit-library.09cb71ec3fbb128f4e25.bundle.min.js in /Users/echois/Local Sites/lcbc-equip/app/public/wp-content/themes/lcbc-equip/app/public/wp-content/plugins/simply-static/src/integrations/class-elementor-integration.php on line 199
[19-Apr-2025 06:31:57 UTC] PHP Warning:  filesize(): stat failed for lightbox.f3fa607b705962362647.bundle.min.js in /Users/echois/Local Sites/lcbc-equip/app/public/wp-content/themes/lcbc-equip/app/public/wp-content/plugins/simply-static/src/integrations/class-elementor-integration.php on line 199
[19-Apr-2025 06:31:57 UTC] PHP Warning:  filesize(): stat failed for nested-accordion.c546968f7aebebc356f2.bundle.min.js in /Users/echois/Local Sites/lcbc-equip/app/public/wp-content/themes/lcbc-equip/app/public/wp-content/plugins/simply-static/src/integrations/class-elementor-integration.php on line 199
[19-Apr-2025 06:31:57 UTC] PHP Warning:  filesize(): stat failed for nested-tabs.1fde581754604147f6d7.bundle.min.js in /Users/echois/Local Sites/lcbc-equip/app/public/wp-content/themes/lcbc-equip/app/public/wp-content/plugins/simply-static/src/integrations/class-elementor-integration.php on line 199
[19-Apr-2025 06:31:57 UTC] PHP Warning:  filesize(): stat failed for nested-title-keyboard-handler.fc9d01c2cd0ef46d20fd.bundle.min.js in /Users/echois/Local Sites/lcbc-equip/app/public/wp-content/themes/lcbc-equip/app/public/wp-content/plugins/simply-static/src/integrations/class-elementor-integration.php on line 199
[19-Apr-2025 06:31:57 UTC] PHP Warning:  filesize(): stat failed for onboarding.cb1850dab52d5cd9ce5b.bundle.min.js in /Users/echois/Local Sites/lcbc-equip/app/public/wp-content/themes/lcbc-equip/app/public/wp-content/plugins/simply-static/src/integrations/class-elementor-integration.php on line 199
[19-Apr-2025 06:31:57 UTC] PHP Warning:  filesize(): stat failed for progress.3200f67fe8fb78924bea.bundle.min.js in /Users/echois/Local Sites/lcbc-equip/app/public/wp-content/themes/lcbc-equip/app/public/wp-content/plugins/simply-static/src/integrations/class-elementor-integration.php on line 199
[19-Apr-2025 06:31:57 UTC] PHP Warning:  filesize(): stat failed for styleguide-app.51d4579e75a5f39265bc.bundle.min.js in /Users/echois/Local Sites/lcbc-equip/app/public/wp-content/themes/lcbc-equip/app/public/wp-content/plugins/simply-static/src/integrations/class-elementor-integration.php on line 199
[19-Apr-2025 06:31:57 UTC] PHP Warning:  filesize(): stat failed for tabs.537e7a0f178447960143.bundle.min.js in /Users/echois/Local Sites/lcbc-equip/app/public/wp-content/themes/lcbc-equip/app/public/wp-content/plugins/simply-static/src/integrations/class-elementor-integration.php on line 199
[19-Apr-2025 06:31:57 UTC] PHP Warning:  filesize(): stat failed for text-editor.c084ef86600b6f11690d.bundle.min.js in /Users/echois/Local Sites/lcbc-equip/app/public/wp-content/themes/lcbc-equip/app/public/wp-content/plugins/simply-static/src/integrations/class-elementor-integration.php on line 199
[19-Apr-2025 06:31:57 UTC] PHP Warning:  filesize(): stat failed for text-path.5923566687faac82ea62.bundle.min.js in /Users/echois/Local Sites/lcbc-equip/app/public/wp-content/themes/lcbc-equip/app/public/wp-content/plugins/simply-static/src/integrations/class-elementor-integration.php on line 199
[19-Apr-2025 06:31:57 UTC] PHP Warning:  filesize(): stat failed for text-path.5923566687faac82ea62.bundle.min.js.LICENSE.txt in /Users/echois/Local Sites/lcbc-equip/app/public/wp-content/themes/lcbc-equip/app/public/wp-content/plugins/simply-static/src/integrations/class-elementor-integration.php on line 199
[19-Apr-2025 06:31:57 UTC] PHP Warning:  filesize(): stat failed for toggle.a6177e2e3c2bc8864bef.bundle.min.js in /Users/echois/Local Sites/lcbc-equip/app/public/wp-content/themes/lcbc-equip/app/public/wp-content/plugins/simply-static/src/integrations/class-elementor-integration.php on line 199
[19-Apr-2025 06:31:57 UTC] PHP Warning:  filesize(): stat failed for video.6ebfa2c3f5493cb2eaaf.bundle.min.js in /Users/echois/Local Sites/lcbc-equip/app/public/wp-content/themes/lcbc-equip/app/public/wp-content/plugins/simply-static/src/integrations/class-elementor-integration.php on line 199
[19-Apr-2025 06:31:57 UTC] PHP Warning:  filesize(): stat failed for wp-audio.c9624cb6e5dc9de86abd.bundle.min.js in /Users/echois/Local Sites/lcbc-equip/app/public/wp-content/themes/lcbc-equip/app/public/wp-content/plugins/simply-static/src/integrations/class-elementor-integration.php on line 199
[20-Apr-2025 01:49:49 UTC] PHP Warning:  filesize(): stat failed for 025905cd015671d0a830.bundle.min.js in /Users/echois/Local Sites/lcbc-equip/app/public/wp-content/themes/lcbc-equip/app/public/wp-content/plugins/simply-static/src/integrations/class-elementor-integration.php on line 199
[20-Apr-2025 01:49:49 UTC] PHP Warning:  filesize(): stat failed for 0f7962315cd2e100f80e.bundle.min.js in /Users/echois/Local Sites/lcbc-equip/app/public/wp-content/themes/lcbc-equip/app/public/wp-content/plugins/simply-static/src/integrations/class-elementor-integration.php on line 199
[20-Apr-2025 01:49:49 UTC] PHP Warning:  filesize(): stat failed for 2e387c4154cbf63565b2.bundle.min.js in /Users/echois/Local Sites/lcbc-equip/app/public/wp-content/themes/lcbc-equip/app/public/wp-content/plugins/simply-static/src/integrations/class-elementor-integration.php on line 199
[20-Apr-2025 01:49:49 UTC] PHP Warning:  filesize(): stat failed for 3ac06e8b9c2e8f04c57d.bundle.min.js in /Users/echois/Local Sites/lcbc-equip/app/public/wp-content/themes/lcbc-equip/app/public/wp-content/plugins/simply-static/src/integrations/class-elementor-integration.php on line 199
[20-Apr-2025 01:49:49 UTC] PHP Warning:  filesize(): stat failed for 4573680c5d8b9b2d9f17.bundle.min.js in /Users/echois/Local Sites/lcbc-equip/app/public/wp-content/themes/lcbc-equip/app/public/wp-content/plugins/simply-static/src/integrations/class-elementor-integration.php on line 199
[20-Apr-2025 01:49:49 UTC] PHP Warning:  filesize(): stat failed for 5b6ef966b71e5cf670d8.bundle.min.js in /Users/echois/Local Sites/lcbc-equip/app/public/wp-content/themes/lcbc-equip/app/public/wp-content/plugins/simply-static/src/integrations/class-elementor-integration.php on line 199
[20-Apr-2025 01:49:49 UTC] PHP Warning:  filesize(): stat failed for accordion.36aa4c8c4eba17bc8e03.bundle.min.js in /Users/echois/Local Sites/lcbc-equip/app/public/wp-content/themes/lcbc-equip/app/public/wp-content/plugins/simply-static/src/integrations/class-elementor-integration.php on line 199
[20-Apr-2025 01:49:49 UTC] PHP Warning:  filesize(): stat failed for alert.42cc1d522ef5c60bf874.bundle.min.js in /Users/echois/Local Sites/lcbc-equip/app/public/wp-content/themes/lcbc-equip/app/public/wp-content/plugins/simply-static/src/integrations/class-elementor-integration.php on line 199
[20-Apr-2025 01:49:49 UTC] PHP Warning:  filesize(): stat failed for c4dcba54ff9219690f00.bundle.min.js in /Users/echois/Local Sites/lcbc-equip/app/public/wp-content/themes/lcbc-equip/app/public/wp-content/plugins/simply-static/src/integrations/class-elementor-integration.php on line 199
[20-Apr-2025 01:49:49 UTC] PHP Warning:  filesize(): stat failed for contact-buttons.7c9983ed0d4964b951c2.bundle.min.js in /Users/echois/Local Sites/lcbc-equip/app/public/wp-content/themes/lcbc-equip/app/public/wp-content/plugins/simply-static/src/integrations/class-elementor-integration.php on line 199
[20-Apr-2025 01:49:49 UTC] PHP Warning:  filesize(): stat failed for container.0754914e4611dc659a50.bundle.min.js in /Users/echois/Local Sites/lcbc-equip/app/public/wp-content/themes/lcbc-equip/app/public/wp-content/plugins/simply-static/src/integrations/class-elementor-integration.php on line 199
[20-Apr-2025 01:49:49 UTC] PHP Warning:  filesize(): stat failed for counter.12335f45aaa79d244f24.bundle.min.js in /Users/echois/Local Sites/lcbc-equip/app/public/wp-content/themes/lcbc-equip/app/public/wp-content/plugins/simply-static/src/integrations/class-elementor-integration.php on line 199
[20-Apr-2025 01:49:49 UTC] PHP Warning:  filesize(): stat failed for floating-bars.c1e9838906b386709cd4.bundle.min.js in /Users/echois/Local Sites/lcbc-equip/app/public/wp-content/themes/lcbc-equip/app/public/wp-content/plugins/simply-static/src/integrations/class-elementor-integration.php on line 199
[20-Apr-2025 01:49:49 UTC] PHP Warning:  filesize(): stat failed for image-carousel.6167d20b95b33386757b.bundle.min.js in /Users/echois/Local Sites/lcbc-equip/app/public/wp-content/themes/lcbc-equip/app/public/wp-content/plugins/simply-static/src/integrations/class-elementor-integration.php on line 199
[20-Apr-2025 01:49:49 UTC] PHP Warning:  filesize(): stat failed for kit-library.09cb71ec3fbb128f4e25.bundle.min.js in /Users/echois/Local Sites/lcbc-equip/app/public/wp-content/themes/lcbc-equip/app/public/wp-content/plugins/simply-static/src/integrations/class-elementor-integration.php on line 199
[20-Apr-2025 01:49:49 UTC] PHP Warning:  filesize(): stat failed for lightbox.f3fa607b705962362647.bundle.min.js in /Users/echois/Local Sites/lcbc-equip/app/public/wp-content/themes/lcbc-equip/app/public/wp-content/plugins/simply-static/src/integrations/class-elementor-integration.php on line 199
[20-Apr-2025 01:49:49 UTC] PHP Warning:  filesize(): stat failed for nested-accordion.c546968f7aebebc356f2.bundle.min.js in /Users/echois/Local Sites/lcbc-equip/app/public/wp-content/themes/lcbc-equip/app/public/wp-content/plugins/simply-static/src/integrations/class-elementor-integration.php on line 199
[20-Apr-2025 01:49:49 UTC] PHP Warning:  filesize(): stat failed for nested-tabs.1fde581754604147f6d7.bundle.min.js in /Users/echois/Local Sites/lcbc-equip/app/public/wp-content/themes/lcbc-equip/app/public/wp-content/plugins/simply-static/src/integrations/class-elementor-integration.php on line 199
[20-Apr-2025 01:49:49 UTC] PHP Warning:  filesize(): stat failed for nested-title-keyboard-handler.fc9d01c2cd0ef46d20fd.bundle.min.js in /Users/echois/Local Sites/lcbc-equip/app/public/wp-content/themes/lcbc-equip/app/public/wp-content/plugins/simply-static/src/integrations/class-elementor-integration.php on line 199
[20-Apr-2025 01:49:49 UTC] PHP Warning:  filesize(): stat failed for onboarding.cb1850dab52d5cd9ce5b.bundle.min.js in /Users/echois/Local Sites/lcbc-equip/app/public/wp-content/themes/lcbc-equip/app/public/wp-content/plugins/simply-static/src/integrations/class-elementor-integration.php on line 199
[20-Apr-2025 01:49:49 UTC] PHP Warning:  filesize(): stat failed for progress.3200f67fe8fb78924bea.bundle.min.js in /Users/echois/Local Sites/lcbc-equip/app/public/wp-content/themes/lcbc-equip/app/public/wp-content/plugins/simply-static/src/integrations/class-elementor-integration.php on line 199
[20-Apr-2025 01:49:49 UTC] PHP Warning:  filesize(): stat failed for styleguide-app.51d4579e75a5f39265bc.bundle.min.js in /Users/echois/Local Sites/lcbc-equip/app/public/wp-content/themes/lcbc-equip/app/public/wp-content/plugins/simply-static/src/integrations/class-elementor-integration.php on line 199
[20-Apr-2025 01:49:49 UTC] PHP Warning:  filesize(): stat failed for tabs.537e7a0f178447960143.bundle.min.js in /Users/echois/Local Sites/lcbc-equip/app/public/wp-content/themes/lcbc-equip/app/public/wp-content/plugins/simply-static/src/integrations/class-elementor-integration.php on line 199
[20-Apr-2025 01:49:49 UTC] PHP Warning:  filesize(): stat failed for text-editor.c084ef86600b6f11690d.bundle.min.js in /Users/echois/Local Sites/lcbc-equip/app/public/wp-content/themes/lcbc-equip/app/public/wp-content/plugins/simply-static/src/integrations/class-elementor-integration.php on line 199
[20-Apr-2025 01:49:49 UTC] PHP Warning:  filesize(): stat failed for text-path.5923566687faac82ea62.bundle.min.js in /Users/echois/Local Sites/lcbc-equip/app/public/wp-content/themes/lcbc-equip/app/public/wp-content/plugins/simply-static/src/integrations/class-elementor-integration.php on line 199
[20-Apr-2025 01:49:49 UTC] PHP Warning:  filesize(): stat failed for text-path.5923566687faac82ea62.bundle.min.js.LICENSE.txt in /Users/echois/Local Sites/lcbc-equip/app/public/wp-content/themes/lcbc-equip/app/public/wp-content/plugins/simply-static/src/integrations/class-elementor-integration.php on line 199
[20-Apr-2025 01:49:49 UTC] PHP Warning:  filesize(): stat failed for toggle.a6177e2e3c2bc8864bef.bundle.min.js in /Users/echois/Local Sites/lcbc-equip/app/public/wp-content/themes/lcbc-equip/app/public/wp-content/plugins/simply-static/src/integrations/class-elementor-integration.php on line 199
[20-Apr-2025 01:49:49 UTC] PHP Warning:  filesize(): stat failed for video.6ebfa2c3f5493cb2eaaf.bundle.min.js in /Users/echois/Local Sites/lcbc-equip/app/public/wp-content/themes/lcbc-equip/app/public/wp-content/plugins/simply-static/src/integrations/class-elementor-integration.php on line 199
[20-Apr-2025 01:49:49 UTC] PHP Warning:  filesize(): stat failed for wp-audio.c9624cb6e5dc9de86abd.bundle.min.js in /Users/echois/Local Sites/lcbc-equip/app/public/wp-content/themes/lcbc-equip/app/public/wp-content/plugins/simply-static/src/integrations/class-elementor-integration.php on line 199
